2026-06-05 10:50:57,936 - aqt.helper - DEBUG - helper 48344 Attempt to download checksum at https://download.qt.io/online/qtsdkrepository/windows_x86/desktop/qt6_682/qt6_682/Updates.xml.sha256
2026-06-05 10:51:08,333 - aqt.main - INFO - installer 65896 aqtinstall(aqt) v3.3.0 on Python 3.11.9 [CPython MSC v.1938 64 bit (AMD64)]
2026-06-05 10:51:08,333 - aqt.helper - DEBUG - helper 65896 Attempt to download checksum at https://download.qt.io/online/qtsdkrepository/windows_x86/desktop/qt6_682/qt6_682/Updates.xml.sha256
2026-06-05 10:51:09,803 - aqt.helper - DEBUG - helper 65896 Attempt to download checksum at https://download.qt.io/online/qtsdkrepository/windows_x86/extensions/qtwebengine/682/msvc2022_64/Updates.xml.sha256
2026-06-05 10:51:11,110 - aqt.archives - INFO - archives 65896 Found extension qtwebengine
2026-06-05 10:51:11,120 - aqt.helper - DEBUG - helper 65896 Attempt to download checksum at https://download.qt.io/online/qtsdkrepository/windows_x86/extensions/qtpdf/682/msvc2022_64/Updates.xml.sha256
2026-06-05 10:51:12,377 - aqt.archives - INFO - archives 65896 Found extension qtpdf
2026-06-05 10:51:12,389 - aqt.main - ERROR - installer 65896 The packages ['qtbase', 'qtsvg', 'qttools'] were not found while parsing XML of package information!
==============================Suggested follow-up:==============================
* Please use 'aqt list-qt windows desktop --modules 6.8.2 <arch>' to show modules available.
2026-06-05 10:51:18,370 - aqt.helper - DEBUG - helper 68144 Attempt to download checksum at https://download.qt.io/online/qtsdkrepository/windows_x86/desktop/qt6_682/qt6_682/Updates.xml.sha256
2026-06-05 10:51:19,868 - aqt.helper - DEBUG - helper 68144 Attempt to download checksum at https://download.qt.io/online/qtsdkrepository/windows_x86/extensions/qtpdf/682/msvc2022_64/Updates.xml.sha256
2026-06-05 10:51:21,170 - aqt.helper - DEBUG - helper 68144 Attempt to download checksum at https://download.qt.io/online/qtsdkrepository/windows_x86/extensions/qtwebengine/682/msvc2022_64/Updates.xml.sha256
2026-06-05 10:52:01,530 - aqt.main - INFO - installer 31296 aqtinstall(aqt) v3.3.0 on Python 3.11.9 [CPython MSC v.1938 64 bit (AMD64)]
2026-06-05 10:52:01,532 - aqt.helper - DEBUG - helper 31296 Attempt to download checksum at https://download.qt.io/online/qtsdkrepository/windows_x86/desktop/qt6_682/qt6_682/Updates.xml.sha256
2026-06-05 10:52:03,026 - aqt.helper - DEBUG - helper 31296 Attempt to download checksum at https://download.qt.io/online/qtsdkrepository/windows_x86/extensions/qtwebengine/682/msvc2022_64/Updates.xml.sha256
2026-06-05 10:52:04,292 - aqt.archives - INFO - archives 31296 Found extension qtwebengine
2026-06-05 10:52:04,293 - aqt.helper - DEBUG - helper 31296 Attempt to download checksum at https://download.qt.io/online/qtsdkrepository/windows_x86/extensions/qtpdf/682/msvc2022_64/Updates.xml.sha256
2026-06-05 10:52:05,558 - aqt.archives - INFO - archives 31296 Found extension qtpdf
2026-06-05 10:52:06,207 - aqt.helper - DEBUG - helper 70760 Attempt to download checksum at https://download.qt.io/online/qtsdkrepository/windows_x86/desktop/qt6_682/qt6_682/qt.qt6.682.win64_msvc2022_64/6.8.2-0-202501260838qtbase-Windows-Windows_11_23H2-MSVC2022-Windows-Windows_11_23H2-X86_64.7z.sha256
2026-06-05 10:52:06,208 - aqt.helper - DEBUG - helper 47300 Attempt to download checksum at https://download.qt.io/online/qtsdkrepository/windows_x86/desktop/qt6_682/qt6_682/qt.qt6.682.win64_msvc2022_64/6.8.2-0-202501260838qtsvg-Windows-Windows_11_23H2-MSVC2022-Windows-Windows_11_23H2-X86_64.7z.sha256
2026-06-05 10:52:06,228 - aqt.helper - DEBUG - helper 64408 Attempt to download checksum at https://download.qt.io/online/qtsdkrepository/windows_x86/desktop/qt6_682/qt6_682/qt.qt6.682.win64_msvc2022_64/6.8.2-0-202501260838qttools-Windows-Windows_11_23H2-MSVC2022-Windows-Windows_11_23H2-X86_64.7z.sha256
2026-06-05 10:52:06,228 - aqt.helper - DEBUG - helper 61816 Attempt to download checksum at https://download.qt.io/online/qtsdkrepository/windows_x86/desktop/qt6_682/qt6_682/qt.qt6.682.win64_msvc2022_64/6.8.2-0-202501260838qtdeclarative-Windows-Windows_11_23H2-MSVC2022-Windows-Windows_11_23H2-X86_64.7z.sha256
2026-06-05 10:52:06,969 - aqt.helper - INFO - helper 47300 Downloading qtsvg...
2026-06-05 10:52:06,970 - aqt.installer - DEBUG - installer 47300 Download URL: https://download.qt.io/online/qtsdkrepository/windows_x86/desktop/qt6_682/qt6_682/qt.qt6.682.win64_msvc2022_64/6.8.2-0-202501260838qtsvg-Windows-Windows_11_23H2-MSVC2022-Windows-Windows_11_23H2-X86_64.7z
2026-06-05 10:52:06,988 - aqt.helper - INFO - helper 70760 Downloading qtbase...
2026-06-05 10:52:06,988 - aqt.installer - DEBUG - installer 70760 Download URL: https://download.qt.io/online/qtsdkrepository/windows_x86/desktop/qt6_682/qt6_682/qt.qt6.682.win64_msvc2022_64/6.8.2-0-202501260838qtbase-Windows-Windows_11_23H2-MSVC2022-Windows-Windows_11_23H2-X86_64.7z
2026-06-05 10:52:06,999 - aqt.helper - INFO - helper 61816 Downloading qtdeclarative...
2026-06-05 10:52:06,999 - aqt.installer - DEBUG - installer 61816 Download URL: https://download.qt.io/online/qtsdkrepository/windows_x86/desktop/qt6_682/qt6_682/qt.qt6.682.win64_msvc2022_64/6.8.2-0-202501260838qtdeclarative-Windows-Windows_11_23H2-MSVC2022-Windows-Windows_11_23H2-X86_64.7z
2026-06-05 10:52:07,004 - aqt.helper - INFO - helper 64408 Downloading qttools...
2026-06-05 10:52:07,004 - aqt.installer - DEBUG - installer 64408 Download URL: https://download.qt.io/online/qtsdkrepository/windows_x86/desktop/qt6_682/qt6_682/qt.qt6.682.win64_msvc2022_64/6.8.2-0-202501260838qttools-Windows-Windows_11_23H2-MSVC2022-Windows-Windows_11_23H2-X86_64.7z
2026-06-05 10:52:07,814 - aqt.helper - DEBUG - helper 47300 Asked to redirect(302) to: https://qt.mirror.constant.com/online/qtsdkrepository/windows_x86/desktop/qt6_682/qt6_682/qt.qt6.682.win64_msvc2022_64/6.8.2-0-202501260838qtsvg-Windows-Windows_11_23H2-MSVC2022-Windows-Windows_11_23H2-X86_64.7z
2026-06-05 10:52:07,814 - aqt.helper - INFO - helper 47300 Redirected: qt.mirror.constant.com
2026-06-05 10:52:07,821 - aqt.helper - DEBUG - helper 70760 Asked to redirect(302) to: https://qt.mirror.constant.com/online/qtsdkrepository/windows_x86/desktop/qt6_682/qt6_682/qt.qt6.682.win64_msvc2022_64/6.8.2-0-202501260838qtbase-Windows-Windows_11_23H2-MSVC2022-Windows-Windows_11_23H2-X86_64.7z
2026-06-05 10:52:07,821 - aqt.helper - INFO - helper 70760 Redirected: qt.mirror.constant.com
2026-06-05 10:52:07,829 - aqt.helper - DEBUG - helper 61816 Asked to redirect(302) to: https://qt.mirror.constant.com/online/qtsdkrepository/windows_x86/desktop/qt6_682/qt6_682/qt.qt6.682.win64_msvc2022_64/6.8.2-0-202501260838qtdeclarative-Windows-Windows_11_23H2-MSVC2022-Windows-Windows_11_23H2-X86_64.7z
2026-06-05 10:52:07,829 - aqt.helper - INFO - helper 61816 Redirected: qt.mirror.constant.com
2026-06-05 10:52:07,840 - aqt.helper - DEBUG - helper 64408 Asked to redirect(302) to: https://qt.mirror.constant.com/online/qtsdkrepository/windows_x86/desktop/qt6_682/qt6_682/qt.qt6.682.win64_msvc2022_64/6.8.2-0-202501260838qttools-Windows-Windows_11_23H2-MSVC2022-Windows-Windows_11_23H2-X86_64.7z
2026-06-05 10:52:07,840 - aqt.helper - INFO - helper 64408 Redirected: qt.mirror.constant.com
2026-06-05 10:52:09,824 - aqt.installer - INFO - installer 47300 Finished installation of qtsvg-Windows-Windows_11_23H2-MSVC2022-Windows-Windows_11_23H2-X86_64.7z in 3.61822910
2026-06-05 10:52:09,843 - aqt.helper - DEBUG - helper 47300 Attempt to download checksum at https://download.qt.io/online/qtsdkrepository/windows_x86/desktop/qt6_682/qt6_682/qt.qt6.682.win64_msvc2022_64/6.8.2-0-202501260838qttranslations-Windows-Windows_11_23H2-MSVC2022-Windows-Windows_11_23H2-X86_64.7z.sha256
2026-06-05 10:52:10,949 - aqt.helper - INFO - helper 47300 Downloading qttranslations...
2026-06-05 10:52:10,949 - aqt.installer - DEBUG - installer 47300 Download URL: https://download.qt.io/online/qtsdkrepository/windows_x86/desktop/qt6_682/qt6_682/qt.qt6.682.win64_msvc2022_64/6.8.2-0-202501260838qttranslations-Windows-Windows_11_23H2-MSVC2022-Windows-Windows_11_23H2-X86_64.7z
2026-06-05 10:52:12,026 - aqt.helper - DEBUG - helper 47300 Asked to redirect(302) to: https://qt.mirror.constant.com/online/qtsdkrepository/windows_x86/desktop/qt6_682/qt6_682/qt.qt6.682.win64_msvc2022_64/6.8.2-0-202501260838qttranslations-Windows-Windows_11_23H2-MSVC2022-Windows-Windows_11_23H2-X86_64.7z
2026-06-05 10:52:12,270 - aqt.helper - INFO - helper 47300 Redirected: qt.mirror.constant.com
2026-06-05 10:52:17,570 - aqt.installer - INFO - installer 47300 Finished installation of qttranslations-Windows-Windows_11_23H2-MSVC2022-Windows-Windows_11_23H2-X86_64.7z in 7.72848820
2026-06-05 10:52:17,591 - aqt.helper - DEBUG - helper 47300 Attempt to download checksum at https://download.qt.io/online/qtsdkrepository/windows_x86/desktop/qt6_682/qt6_682/qt.qt6.682.win64_msvc2022_64/6.8.2-0-202501260838d3dcompiler_47-x64.7z.sha256
2026-06-05 10:52:17,768 - aqt.installer - INFO - installer 64408 Finished installation of qttools-Windows-Windows_11_23H2-MSVC2022-Windows-Windows_11_23H2-X86_64.7z in 11.54309680
2026-06-05 10:52:17,789 - aqt.helper - DEBUG - helper 64408 Attempt to download checksum at https://download.qt.io/online/qtsdkrepository/windows_x86/desktop/qt6_682/qt6_682/qt.qt6.682.win64_msvc2022_64/6.8.2-0-202501260838opengl32sw-64-mesa_11_2_2-signed_sha256.7z.sha256
2026-06-05 10:52:18,435 - aqt.helper - INFO - helper 47300 Downloading d3dcompiler_47...
2026-06-05 10:52:18,435 - aqt.installer - DEBUG - installer 47300 Download URL: https://download.qt.io/online/qtsdkrepository/windows_x86/desktop/qt6_682/qt6_682/qt.qt6.682.win64_msvc2022_64/6.8.2-0-202501260838d3dcompiler_47-x64.7z
2026-06-05 10:52:18,533 - aqt.helper - INFO - helper 64408 Downloading opengl32sw...
2026-06-05 10:52:18,533 - aqt.installer - DEBUG - installer 64408 Download URL: https://download.qt.io/online/qtsdkrepository/windows_x86/desktop/qt6_682/qt6_682/qt.qt6.682.win64_msvc2022_64/6.8.2-0-202501260838opengl32sw-64-mesa_11_2_2-signed_sha256.7z
2026-06-05 10:52:19,169 - aqt.helper - DEBUG - helper 47300 Asked to redirect(302) to: https://qt.mirror.constant.com/online/qtsdkrepository/windows_x86/desktop/qt6_682/qt6_682/qt.qt6.682.win64_msvc2022_64/6.8.2-0-202501260838d3dcompiler_47-x64.7z
2026-06-05 10:52:19,169 - aqt.helper - INFO - helper 47300 Redirected: qt.mirror.constant.com
2026-06-05 10:52:19,291 - aqt.helper - DEBUG - helper 64408 Asked to redirect(302) to: https://qt.mirror.constant.com/online/qtsdkrepository/windows_x86/desktop/qt6_682/qt6_682/qt.qt6.682.win64_msvc2022_64/6.8.2-0-202501260838opengl32sw-64-mesa_11_2_2-signed_sha256.7z
2026-06-05 10:52:19,291 - aqt.helper - INFO - helper 64408 Redirected: qt.mirror.constant.com
2026-06-05 10:52:21,371 - aqt.installer - INFO - installer 47300 Finished installation of d3dcompiler_47-x64.7z in 3.78261820
2026-06-05 10:52:23,972 - aqt.installer - INFO - installer 64408 Finished installation of opengl32sw-64-mesa_11_2_2-signed_sha256.7z in 6.18610380
2026-06-05 10:52:25,163 - aqt.installer - INFO - installer 70760 Finished installation of qtbase-Windows-Windows_11_23H2-MSVC2022-Windows-Windows_11_23H2-X86_64.7z in 18.95718960
2026-06-05 10:53:04,677 - aqt.installer - INFO - installer 61816 Finished installation of qtdeclarative-Windows-Windows_11_23H2-MSVC2022-Windows-Windows_11_23H2-X86_64.7z in 58.45253760
2026-06-05 10:53:05,086 - aqt.updater - INFO - updater 31296 Patching C:\Qt\6.8.2\msvc2022_64\bin\qmake.exe
2026-06-05 10:53:05,091 - aqt.updater - INFO - updater 31296 Patching C:\Qt\6.8.2\msvc2022_64\lib\Qt6Concurrent.prl
2026-06-05 10:53:05,100 - aqt.updater - INFO - updater 31296 Patching C:\Qt\6.8.2\msvc2022_64\lib\Qt6Concurrentd.prl
2026-06-05 10:53:05,109 - aqt.updater - INFO - updater 31296 Patching C:\Qt\6.8.2\msvc2022_64\lib\Qt6Core.prl
2026-06-05 10:53:05,119 - aqt.updater - INFO - updater 31296 Patching C:\Qt\6.8.2\msvc2022_64\lib\Qt6Cored.prl
2026-06-05 10:53:05,129 - aqt.updater - INFO - updater 31296 Patching C:\Qt\6.8.2\msvc2022_64\lib\Qt6DBus.prl
2026-06-05 10:53:05,140 - aqt.updater - INFO - updater 31296 Patching C:\Qt\6.8.2\msvc2022_64\lib\Qt6DBusd.prl
2026-06-05 10:53:05,149 - aqt.updater - INFO - updater 31296 Patching C:\Qt\6.8.2\msvc2022_64\lib\Qt6Designer.prl
2026-06-05 10:53:05,159 - aqt.updater - INFO - updater 31296 Patching C:\Qt\6.8.2\msvc2022_64\lib\Qt6DesignerComponents.prl
2026-06-05 10:53:05,171 - aqt.updater - INFO - updater 31296 Patching C:\Qt\6.8.2\msvc2022_64\lib\Qt6DesignerComponentsd.prl
2026-06-05 10:53:05,178 - aqt.updater - INFO - updater 31296 Patching C:\Qt\6.8.2\msvc2022_64\lib\Qt6Designerd.prl
2026-06-05 10:53:05,188 - aqt.updater - INFO - updater 31296 Patching C:\Qt\6.8.2\msvc2022_64\lib\Qt6DeviceDiscoverySupport.prl
2026-06-05 10:53:05,197 - aqt.updater - INFO - updater 31296 Patching C:\Qt\6.8.2\msvc2022_64\lib\Qt6DeviceDiscoverySupportd.prl
2026-06-05 10:53:05,206 - aqt.updater - INFO - updater 31296 Patching C:\Qt\6.8.2\msvc2022_64\lib\Qt6EntryPoint.prl
2026-06-05 10:53:05,215 - aqt.updater - INFO - updater 31296 Patching C:\Qt\6.8.2\msvc2022_64\lib\Qt6EntryPointd.prl
2026-06-05 10:53:05,224 - aqt.updater - INFO - updater 31296 Patching C:\Qt\6.8.2\msvc2022_64\lib\Qt6ExampleIcons.prl
2026-06-05 10:53:05,232 - aqt.updater - INFO - updater 31296 Patching C:\Qt\6.8.2\msvc2022_64\lib\Qt6ExampleIconsd.prl
2026-06-05 10:53:05,242 - aqt.updater - INFO - updater 31296 Patching C:\Qt\6.8.2\msvc2022_64\lib\Qt6ExamplesAssetDownloader.prl
2026-06-05 10:53:05,252 - aqt.updater - INFO - updater 31296 Patching C:\Qt\6.8.2\msvc2022_64\lib\Qt6ExamplesAssetDownloaderd.prl
2026-06-05 10:53:05,261 - aqt.updater - INFO - updater 31296 Patching C:\Qt\6.8.2\msvc2022_64\lib\Qt6FbSupport.prl
2026-06-05 10:53:05,270 - aqt.updater - INFO - updater 31296 Patching C:\Qt\6.8.2\msvc2022_64\lib\Qt6FbSupportd.prl
2026-06-05 10:53:05,278 - aqt.updater - INFO - updater 31296 Patching C:\Qt\6.8.2\msvc2022_64\lib\Qt6Gui.prl
2026-06-05 10:53:05,288 - aqt.updater - INFO - updater 31296 Patching C:\Qt\6.8.2\msvc2022_64\lib\Qt6Guid.prl
2026-06-05 10:53:05,295 - aqt.updater - INFO - updater 31296 Patching C:\Qt\6.8.2\msvc2022_64\lib\Qt6Help.prl
2026-06-05 10:53:05,304 - aqt.updater - INFO - updater 31296 Patching C:\Qt\6.8.2\msvc2022_64\lib\Qt6Helpd.prl
2026-06-05 10:53:05,315 - aqt.updater - INFO - updater 31296 Patching C:\Qt\6.8.2\msvc2022_64\lib\Qt6LabsAnimation.prl
2026-06-05 10:53:05,324 - aqt.updater - INFO - updater 31296 Patching C:\Qt\6.8.2\msvc2022_64\lib\Qt6LabsAnimationd.prl
2026-06-05 10:53:05,333 - aqt.updater - INFO - updater 31296 Patching C:\Qt\6.8.2\msvc2022_64\lib\Qt6LabsFolderListModel.prl
2026-06-05 10:53:05,341 - aqt.updater - INFO - updater 31296 Patching C:\Qt\6.8.2\msvc2022_64\lib\Qt6LabsFolderListModeld.prl
2026-06-05 10:53:05,349 - aqt.updater - INFO - updater 31296 Patching C:\Qt\6.8.2\msvc2022_64\lib\Qt6LabsPlatform.prl
2026-06-05 10:53:05,357 - aqt.updater - INFO - updater 31296 Patching C:\Qt\6.8.2\msvc2022_64\lib\Qt6LabsPlatformd.prl
2026-06-05 10:53:05,365 - aqt.updater - INFO - updater 31296 Patching C:\Qt\6.8.2\msvc2022_64\lib\Qt6LabsQmlModels.prl
2026-06-05 10:53:05,376 - aqt.updater - INFO - updater 31296 Patching C:\Qt\6.8.2\msvc2022_64\lib\Qt6LabsQmlModelsd.prl
2026-06-05 10:53:05,387 - aqt.updater - INFO - updater 31296 Patching C:\Qt\6.8.2\msvc2022_64\lib\Qt6LabsSettings.prl
2026-06-05 10:53:05,396 - aqt.updater - INFO - updater 31296 Patching C:\Qt\6.8.2\msvc2022_64\lib\Qt6LabsSettingsd.prl
2026-06-05 10:53:05,407 - aqt.updater - INFO - updater 31296 Patching C:\Qt\6.8.2\msvc2022_64\lib\Qt6LabsSharedImage.prl
2026-06-05 10:53:05,415 - aqt.updater - INFO - updater 31296 Patching C:\Qt\6.8.2\msvc2022_64\lib\Qt6LabsSharedImaged.prl
2026-06-05 10:53:05,425 - aqt.updater - INFO - updater 31296 Patching C:\Qt\6.8.2\msvc2022_64\lib\Qt6LabsWavefrontMesh.prl
2026-06-05 10:53:05,433 - aqt.updater - INFO - updater 31296 Patching C:\Qt\6.8.2\msvc2022_64\lib\Qt6LabsWavefrontMeshd.prl
2026-06-05 10:53:05,441 - aqt.updater - INFO - updater 31296 Patching C:\Qt\6.8.2\msvc2022_64\lib\Qt6Network.prl
2026-06-05 10:53:05,448 - aqt.updater - INFO - updater 31296 Patching C:\Qt\6.8.2\msvc2022_64\lib\Qt6Networkd.prl
2026-06-05 10:53:05,458 - aqt.updater - INFO - updater 31296 Patching C:\Qt\6.8.2\msvc2022_64\lib\Qt6OpenGL.prl
2026-06-05 10:53:05,465 - aqt.updater - INFO - updater 31296 Patching C:\Qt\6.8.2\msvc2022_64\lib\Qt6OpenGLd.prl
2026-06-05 10:53:05,474 - aqt.updater - INFO - updater 31296 Patching C:\Qt\6.8.2\msvc2022_64\lib\Qt6OpenGLWidgets.prl
2026-06-05 10:53:05,481 - aqt.updater - INFO - updater 31296 Patching C:\Qt\6.8.2\msvc2022_64\lib\Qt6OpenGLWidgetsd.prl
2026-06-05 10:53:05,491 - aqt.updater - INFO - updater 31296 Patching C:\Qt\6.8.2\msvc2022_64\lib\Qt6PacketProtocol.prl
2026-06-05 10:53:05,501 - aqt.updater - INFO - updater 31296 Patching C:\Qt\6.8.2\msvc2022_64\lib\Qt6PacketProtocold.prl
2026-06-05 10:53:05,509 - aqt.updater - INFO - updater 31296 Patching C:\Qt\6.8.2\msvc2022_64\lib\Qt6PrintSupport.prl
2026-06-05 10:53:05,519 - aqt.updater - INFO - updater 31296 Patching C:\Qt\6.8.2\msvc2022_64\lib\Qt6PrintSupportd.prl
2026-06-05 10:53:05,528 - aqt.updater - INFO - updater 31296 Patching C:\Qt\6.8.2\msvc2022_64\lib\Qt6Qml.prl
2026-06-05 10:53:05,537 - aqt.updater - INFO - updater 31296 Patching C:\Qt\6.8.2\msvc2022_64\lib\Qt6QmlAssetDownloader.prl
2026-06-05 10:53:05,546 - aqt.updater - INFO - updater 31296 Patching C:\Qt\6.8.2\msvc2022_64\lib\Qt6QmlAssetDownloaderd.prl
2026-06-05 10:53:05,556 - aqt.updater - INFO - updater 31296 Patching C:\Qt\6.8.2\msvc2022_64\lib\Qt6QmlCompiler.prl
2026-06-05 10:53:05,580 - aqt.updater - INFO - updater 31296 Patching C:\Qt\6.8.2\msvc2022_64\lib\Qt6QmlCompilerd.prl
2026-06-05 10:53:05,599 - aqt.updater - INFO - updater 31296 Patching C:\Qt\6.8.2\msvc2022_64\lib\Qt6QmlCore.prl
2026-06-05 10:53:05,608 - aqt.updater - INFO - updater 31296 Patching C:\Qt\6.8.2\msvc2022_64\lib\Qt6QmlCored.prl
2026-06-05 10:53:05,618 - aqt.updater - INFO - updater 31296 Patching C:\Qt\6.8.2\msvc2022_64\lib\Qt6Qmld.prl
2026-06-05 10:53:05,625 - aqt.updater - INFO - updater 31296 Patching C:\Qt\6.8.2\msvc2022_64\lib\Qt6QmlDebug.prl
2026-06-05 10:53:05,639 - aqt.updater - INFO - updater 31296 Patching C:\Qt\6.8.2\msvc2022_64\lib\Qt6QmlDebugd.prl
2026-06-05 10:53:05,651 - aqt.updater - INFO - updater 31296 Patching C:\Qt\6.8.2\msvc2022_64\lib\Qt6QmlDom.prl
2026-06-05 10:53:05,662 - aqt.updater - INFO - updater 31296 Patching C:\Qt\6.8.2\msvc2022_64\lib\Qt6QmlDomd.prl
2026-06-05 10:53:05,676 - aqt.updater - INFO - updater 31296 Patching C:\Qt\6.8.2\msvc2022_64\lib\Qt6QmlLocalStorage.prl
2026-06-05 10:53:05,688 - aqt.updater - INFO - updater 31296 Patching C:\Qt\6.8.2\msvc2022_64\lib\Qt6QmlLocalStoraged.prl
2026-06-05 10:53:05,697 - aqt.updater - INFO - updater 31296 Patching C:\Qt\6.8.2\msvc2022_64\lib\Qt6QmlLS.prl
2026-06-05 10:53:05,709 - aqt.updater - INFO - updater 31296 Patching C:\Qt\6.8.2\msvc2022_64\lib\Qt6QmlLSd.prl
2026-06-05 10:53:05,722 - aqt.updater - INFO - updater 31296 Patching C:\Qt\6.8.2\msvc2022_64\lib\Qt6QmlMeta.prl
2026-06-05 10:53:05,731 - aqt.updater - INFO - updater 31296 Patching C:\Qt\6.8.2\msvc2022_64\lib\Qt6QmlMetad.prl
2026-06-05 10:53:05,744 - aqt.updater - INFO - updater 31296 Patching C:\Qt\6.8.2\msvc2022_64\lib\Qt6QmlModels.prl
2026-06-05 10:53:05,753 - aqt.updater - INFO - updater 31296 Patching C:\Qt\6.8.2\msvc2022_64\lib\Qt6QmlModelsd.prl
2026-06-05 10:53:05,762 - aqt.updater - INFO - updater 31296 Patching C:\Qt\6.8.2\msvc2022_64\lib\Qt6QmlNetwork.prl
2026-06-05 10:53:05,774 - aqt.updater - INFO - updater 31296 Patching C:\Qt\6.8.2\msvc2022_64\lib\Qt6QmlNetworkd.prl
2026-06-05 10:53:05,785 - aqt.updater - INFO - updater 31296 Patching C:\Qt\6.8.2\msvc2022_64\lib\Qt6QmlToolingSettings.prl
2026-06-05 10:53:05,794 - aqt.updater - INFO - updater 31296 Patching C:\Qt\6.8.2\msvc2022_64\lib\Qt6QmlToolingSettingsd.prl
2026-06-05 10:53:05,806 - aqt.updater - INFO - updater 31296 Patching C:\Qt\6.8.2\msvc2022_64\lib\Qt6QmlTypeRegistrar.prl
2026-06-05 10:53:05,816 - aqt.updater - INFO - updater 31296 Patching C:\Qt\6.8.2\msvc2022_64\lib\Qt6QmlTypeRegistrard.prl
2026-06-05 10:53:05,825 - aqt.updater - INFO - updater 31296 Patching C:\Qt\6.8.2\msvc2022_64\lib\Qt6QmlWorkerScript.prl
2026-06-05 10:53:05,836 - aqt.updater - INFO - updater 31296 Patching C:\Qt\6.8.2\msvc2022_64\lib\Qt6QmlWorkerScriptd.prl
2026-06-05 10:53:05,844 - aqt.updater - INFO - updater 31296 Patching C:\Qt\6.8.2\msvc2022_64\lib\Qt6QmlXmlListModel.prl
2026-06-05 10:53:05,851 - aqt.updater - INFO - updater 31296 Patching C:\Qt\6.8.2\msvc2022_64\lib\Qt6QmlXmlListModeld.prl
2026-06-05 10:53:05,860 - aqt.updater - INFO - updater 31296 Patching C:\Qt\6.8.2\msvc2022_64\lib\Qt6Quick.prl
2026-06-05 10:53:05,869 - aqt.updater - INFO - updater 31296 Patching C:\Qt\6.8.2\msvc2022_64\lib\Qt6QuickControls2.prl
2026-06-05 10:53:05,879 - aqt.updater - INFO - updater 31296 Patching C:\Qt\6.8.2\msvc2022_64\lib\Qt6QuickControls2Basic.prl
2026-06-05 10:53:05,887 - aqt.updater - INFO - updater 31296 Patching C:\Qt\6.8.2\msvc2022_64\lib\Qt6QuickControls2Basicd.prl
2026-06-05 10:53:05,895 - aqt.updater - INFO - updater 31296 Patching C:\Qt\6.8.2\msvc2022_64\lib\Qt6QuickControls2BasicStyleImpl.prl
2026-06-05 10:53:05,902 - aqt.updater - INFO - updater 31296 Patching C:\Qt\6.8.2\msvc2022_64\lib\Qt6QuickControls2BasicStyleImpld.prl
2026-06-05 10:53:05,909 - aqt.updater - INFO - updater 31296 Patching C:\Qt\6.8.2\msvc2022_64\lib\Qt6QuickControls2d.prl
2026-06-05 10:53:05,915 - aqt.updater - INFO - updater 31296 Patching C:\Qt\6.8.2\msvc2022_64\lib\Qt6QuickControls2FluentWinUI3StyleImpl.prl
2026-06-05 10:53:05,924 - aqt.updater - INFO - updater 31296 Patching C:\Qt\6.8.2\msvc2022_64\lib\Qt6QuickControls2FluentWinUI3StyleImpld.prl
2026-06-05 10:53:05,932 - aqt.updater - INFO - updater 31296 Patching C:\Qt\6.8.2\msvc2022_64\lib\Qt6QuickControls2Fusion.prl
2026-06-05 10:53:05,941 - aqt.updater - INFO - updater 31296 Patching C:\Qt\6.8.2\msvc2022_64\lib\Qt6QuickControls2Fusiond.prl
2026-06-05 10:53:05,946 - aqt.updater - INFO - updater 31296 Patching C:\Qt\6.8.2\msvc2022_64\lib\Qt6QuickControls2FusionStyleImpl.prl
2026-06-05 10:53:05,956 - aqt.updater - INFO - updater 31296 Patching C:\Qt\6.8.2\msvc2022_64\lib\Qt6QuickControls2FusionStyleImpld.prl
2026-06-05 10:53:05,964 - aqt.updater - INFO - updater 31296 Patching C:\Qt\6.8.2\msvc2022_64\lib\Qt6QuickControls2Imagine.prl
2026-06-05 10:53:05,972 - aqt.updater - INFO - updater 31296 Patching C:\Qt\6.8.2\msvc2022_64\lib\Qt6QuickControls2Imagined.prl
2026-06-05 10:53:05,978 - aqt.updater - INFO - updater 31296 Patching C:\Qt\6.8.2\msvc2022_64\lib\Qt6QuickControls2ImagineStyleImpl.prl
2026-06-05 10:53:05,985 - aqt.updater - INFO - updater 31296 Patching C:\Qt\6.8.2\msvc2022_64\lib\Qt6QuickControls2ImagineStyleImpld.prl
2026-06-05 10:53:05,992 - aqt.updater - INFO - updater 31296 Patching C:\Qt\6.8.2\msvc2022_64\lib\Qt6QuickControls2Impl.prl
2026-06-05 10:53:06,000 - aqt.updater - INFO - updater 31296 Patching C:\Qt\6.8.2\msvc2022_64\lib\Qt6QuickControls2Impld.prl
2026-06-05 10:53:06,007 - aqt.updater - INFO - updater 31296 Patching C:\Qt\6.8.2\msvc2022_64\lib\Qt6QuickControls2Material.prl
2026-06-05 10:53:06,013 - aqt.updater - INFO - updater 31296 Patching C:\Qt\6.8.2\msvc2022_64\lib\Qt6QuickControls2Materiald.prl
2026-06-05 10:53:06,022 - aqt.updater - INFO - updater 31296 Patching C:\Qt\6.8.2\msvc2022_64\lib\Qt6QuickControls2MaterialStyleImpl.prl
2026-06-05 10:53:06,031 - aqt.updater - INFO - updater 31296 Patching C:\Qt\6.8.2\msvc2022_64\lib\Qt6QuickControls2MaterialStyleImpld.prl
2026-06-05 10:53:06,039 - aqt.updater - INFO - updater 31296 Patching C:\Qt\6.8.2\msvc2022_64\lib\Qt6QuickControls2Universal.prl
2026-06-05 10:53:06,047 - aqt.updater - INFO - updater 31296 Patching C:\Qt\6.8.2\msvc2022_64\lib\Qt6QuickControls2Universald.prl
2026-06-05 10:53:06,057 - aqt.updater - INFO - updater 31296 Patching C:\Qt\6.8.2\msvc2022_64\lib\Qt6QuickControls2UniversalStyleImpl.prl
2026-06-05 10:53:06,063 - aqt.updater - INFO - updater 31296 Patching C:\Qt\6.8.2\msvc2022_64\lib\Qt6QuickControls2UniversalStyleImpld.prl
2026-06-05 10:53:06,073 - aqt.updater - INFO - updater 31296 Patching C:\Qt\6.8.2\msvc2022_64\lib\Qt6QuickControls2WindowsStyleImpl.prl
2026-06-05 10:53:06,081 - aqt.updater - INFO - updater 31296 Patching C:\Qt\6.8.2\msvc2022_64\lib\Qt6QuickControls2WindowsStyleImpld.prl
2026-06-05 10:53:06,089 - aqt.updater - INFO - updater 31296 Patching C:\Qt\6.8.2\msvc2022_64\lib\Qt6QuickControlsTestUtils.prl
2026-06-05 10:53:06,098 - aqt.updater - INFO - updater 31296 Patching C:\Qt\6.8.2\msvc2022_64\lib\Qt6QuickControlsTestUtilsd.prl
2026-06-05 10:53:06,106 - aqt.updater - INFO - updater 31296 Patching C:\Qt\6.8.2\msvc2022_64\lib\Qt6Quickd.prl
2026-06-05 10:53:06,114 - aqt.updater - INFO - updater 31296 Patching C:\Qt\6.8.2\msvc2022_64\lib\Qt6QuickDialogs2.prl
2026-06-05 10:53:06,123 - aqt.updater - INFO - updater 31296 Patching C:\Qt\6.8.2\msvc2022_64\lib\Qt6QuickDialogs2d.prl
2026-06-05 10:53:06,130 - aqt.updater - INFO - updater 31296 Patching C:\Qt\6.8.2\msvc2022_64\lib\Qt6QuickDialogs2QuickImpl.prl
2026-06-05 10:53:06,138 - aqt.updater - INFO - updater 31296 Patching C:\Qt\6.8.2\msvc2022_64\lib\Qt6QuickDialogs2QuickImpld.prl
2026-06-05 10:53:06,146 - aqt.updater - INFO - updater 31296 Patching C:\Qt\6.8.2\msvc2022_64\lib\Qt6QuickDialogs2Utils.prl
2026-06-05 10:53:06,154 - aqt.updater - INFO - updater 31296 Patching C:\Qt\6.8.2\msvc2022_64\lib\Qt6QuickDialogs2Utilsd.prl
2026-06-05 10:53:06,162 - aqt.updater - INFO - updater 31296 Patching C:\Qt\6.8.2\msvc2022_64\lib\Qt6QuickEffects.prl
2026-06-05 10:53:06,170 - aqt.updater - INFO - updater 31296 Patching C:\Qt\6.8.2\msvc2022_64\lib\Qt6QuickEffectsd.prl
2026-06-05 10:53:06,178 - aqt.updater - INFO - updater 31296 Patching C:\Qt\6.8.2\msvc2022_64\lib\Qt6QuickLayouts.prl
2026-06-05 10:53:06,185 - aqt.updater - INFO - updater 31296 Patching C:\Qt\6.8.2\msvc2022_64\lib\Qt6QuickLayoutsd.prl
2026-06-05 10:53:06,193 - aqt.updater - INFO - updater 31296 Patching C:\Qt\6.8.2\msvc2022_64\lib\Qt6QuickParticles.prl
2026-06-05 10:53:06,201 - aqt.updater - INFO - updater 31296 Patching C:\Qt\6.8.2\msvc2022_64\lib\Qt6QuickParticlesd.prl
2026-06-05 10:53:06,209 - aqt.updater - INFO - updater 31296 Patching C:\Qt\6.8.2\msvc2022_64\lib\Qt6QuickShapes.prl
2026-06-05 10:53:06,216 - aqt.updater - INFO - updater 31296 Patching C:\Qt\6.8.2\msvc2022_64\lib\Qt6QuickShapesd.prl
2026-06-05 10:53:06,224 - aqt.updater - INFO - updater 31296 Patching C:\Qt\6.8.2\msvc2022_64\lib\Qt6QuickTemplates2.prl
2026-06-05 10:53:06,231 - aqt.updater - INFO - updater 31296 Patching C:\Qt\6.8.2\msvc2022_64\lib\Qt6QuickTemplates2d.prl
2026-06-05 10:53:06,239 - aqt.updater - INFO - updater 31296 Patching C:\Qt\6.8.2\msvc2022_64\lib\Qt6QuickTest.prl
2026-06-05 10:53:06,247 - aqt.updater - INFO - updater 31296 Patching C:\Qt\6.8.2\msvc2022_64\lib\Qt6QuickTestd.prl
2026-06-05 10:53:06,254 - aqt.updater - INFO - updater 31296 Patching C:\Qt\6.8.2\msvc2022_64\lib\Qt6QuickTestUtils.prl
2026-06-05 10:53:06,262 - aqt.updater - INFO - updater 31296 Patching C:\Qt\6.8.2\msvc2022_64\lib\Qt6QuickTestUtilsd.prl
2026-06-05 10:53:06,271 - aqt.updater - INFO - updater 31296 Patching C:\Qt\6.8.2\msvc2022_64\lib\Qt6QuickVectorImage.prl
2026-06-05 10:53:06,278 - aqt.updater - INFO - updater 31296 Patching C:\Qt\6.8.2\msvc2022_64\lib\Qt6QuickVectorImaged.prl
2026-06-05 10:53:06,286 - aqt.updater - INFO - updater 31296 Patching C:\Qt\6.8.2\msvc2022_64\lib\Qt6QuickVectorImageGenerator.prl
2026-06-05 10:53:06,292 - aqt.updater - INFO - updater 31296 Patching C:\Qt\6.8.2\msvc2022_64\lib\Qt6QuickVectorImageGeneratord.prl
2026-06-05 10:53:06,300 - aqt.updater - INFO - updater 31296 Patching C:\Qt\6.8.2\msvc2022_64\lib\Qt6QuickWidgets.prl
2026-06-05 10:53:06,308 - aqt.updater - INFO - updater 31296 Patching C:\Qt\6.8.2\msvc2022_64\lib\Qt6QuickWidgetsd.prl
2026-06-05 10:53:06,314 - aqt.updater - INFO - updater 31296 Patching C:\Qt\6.8.2\msvc2022_64\lib\Qt6Sql.prl
2026-06-05 10:53:06,321 - aqt.updater - INFO - updater 31296 Patching C:\Qt\6.8.2\msvc2022_64\lib\Qt6Sqld.prl
2026-06-05 10:53:06,329 - aqt.updater - INFO - updater 31296 Patching C:\Qt\6.8.2\msvc2022_64\lib\Qt6Svg.prl
2026-06-05 10:53:06,337 - aqt.updater - INFO - updater 31296 Patching C:\Qt\6.8.2\msvc2022_64\lib\Qt6Svgd.prl
2026-06-05 10:53:06,344 - aqt.updater - INFO - updater 31296 Patching C:\Qt\6.8.2\msvc2022_64\lib\Qt6SvgWidgets.prl
2026-06-05 10:53:06,350 - aqt.updater - INFO - updater 31296 Patching C:\Qt\6.8.2\msvc2022_64\lib\Qt6SvgWidgetsd.prl
2026-06-05 10:53:06,358 - aqt.updater - INFO - updater 31296 Patching C:\Qt\6.8.2\msvc2022_64\lib\Qt6Test.prl
2026-06-05 10:53:06,364 - aqt.updater - INFO - updater 31296 Patching C:\Qt\6.8.2\msvc2022_64\lib\Qt6Testd.prl
2026-06-05 10:53:06,372 - aqt.updater - INFO - updater 31296 Patching C:\Qt\6.8.2\msvc2022_64\lib\Qt6UiTools.prl
2026-06-05 10:53:06,379 - aqt.updater - INFO - updater 31296 Patching C:\Qt\6.8.2\msvc2022_64\lib\Qt6UiToolsd.prl
2026-06-05 10:53:06,387 - aqt.updater - INFO - updater 31296 Patching C:\Qt\6.8.2\msvc2022_64\lib\Qt6Widgets.prl
2026-06-05 10:53:06,394 - aqt.updater - INFO - updater 31296 Patching C:\Qt\6.8.2\msvc2022_64\lib\Qt6Widgetsd.prl
2026-06-05 10:53:06,401 - aqt.updater - INFO - updater 31296 Patching C:\Qt\6.8.2\msvc2022_64\lib\Qt6Xml.prl
2026-06-05 10:53:06,410 - aqt.updater - INFO - updater 31296 Patching C:\Qt\6.8.2\msvc2022_64\lib\Qt6Xmld.prl
2026-06-05 10:53:06,418 - aqt.main - INFO - installer 31296 Finished installation
2026-06-05 10:53:06,418 - aqt.main - INFO - installer 31296 Time elapsed: 64.88746620 second
2026-06-05 10:56:32,845 - aqt.main - INFO - installer 48396 aqtinstall(aqt) v3.3.0 on Python 3.11.9 [CPython MSC v.1938 64 bit (AMD64)]
2026-06-05 10:56:32,845 - aqt.helper - DEBUG - helper 48396 Attempt to download checksum at https://download.qt.io/online/qtsdkrepository/windows_x86/desktop/qt6_682/qt6_682/Updates.xml.sha256
2026-06-05 10:56:34,219 - aqt.helper - DEBUG - helper 48396 Attempt to download checksum at https://download.qt.io/online/qtsdkrepository/windows_x86/extensions/qtwebengine/682/mingw/Updates.xml.sha256
2026-06-05 10:56:34,809 - aqt.helper - DEBUG - helper 48396 Attempt to download checksum at https://download.qt.io/online/qtsdkrepository/windows_x86/extensions/qtwebengine/682/mingw/Updates.xml.sha256
2026-06-05 10:56:35,392 - aqt.helper - DEBUG - helper 48396 Attempt to download checksum at https://download.qt.io/online/qtsdkrepository/windows_x86/extensions/qtwebengine/682/mingw/Updates.xml.sha256
2026-06-05 10:56:35,976 - aqt.helper - DEBUG - helper 48396 Attempt to download checksum at https://download.qt.io/online/qtsdkrepository/windows_x86/extensions/qtwebengine/682/mingw/Updates.xml.sha256
2026-06-05 10:56:36,609 - aqt.helper - DEBUG - helper 48396 Attempt to download checksum at https://download.qt.io/online/qtsdkrepository/windows_x86/extensions/qtwebengine/682/mingw/Updates.xml.sha256
2026-06-05 10:56:37,223 - aqt.helper - DEBUG - helper 48396 Attempt to download checksum at https://download.qt.io/online/qtsdkrepository/windows_x86/extensions/qtpdf/682/mingw/Updates.xml.sha256
2026-06-05 10:56:38,518 - aqt.archives - INFO - archives 48396 Found extension qtpdf
2026-06-05 10:56:39,140 - aqt.helper - DEBUG - helper 44152 Attempt to download checksum at https://download.qt.io/online/qtsdkrepository/windows_x86/desktop/qt6_682/qt6_682/qt.qt6.682.win64_mingw/6.8.2-0-202501260838qtbase-Windows-Windows_10_22H2-Mingw-Windows-Windows_10_22H2-X86_64.7z.sha256
2026-06-05 10:56:39,148 - aqt.helper - DEBUG - helper 25640 Attempt to download checksum at https://download.qt.io/online/qtsdkrepository/windows_x86/desktop/qt6_682/qt6_682/qt.qt6.682.win64_mingw/6.8.2-0-202501260838qtsvg-Windows-Windows_10_22H2-Mingw-Windows-Windows_10_22H2-X86_64.7z.sha256
2026-06-05 10:56:39,149 - aqt.helper - DEBUG - helper 63272 Attempt to download checksum at https://download.qt.io/online/qtsdkrepository/windows_x86/desktop/qt6_682/qt6_682/qt.qt6.682.win64_mingw/6.8.2-0-202501260838qtdeclarative-Windows-Windows_10_22H2-Mingw-Windows-Windows_10_22H2-X86_64.7z.sha256
2026-06-05 10:56:39,150 - aqt.helper - DEBUG - helper 46104 Attempt to download checksum at https://download.qt.io/online/qtsdkrepository/windows_x86/desktop/qt6_682/qt6_682/qt.qt6.682.win64_mingw/6.8.2-0-202501260838qttools-Windows-Windows_10_22H2-Mingw-Windows-Windows_10_22H2-X86_64.7z.sha256
2026-06-05 10:56:39,895 - aqt.helper - INFO - helper 25640 Downloading qtsvg...
2026-06-05 10:56:39,899 - aqt.helper - INFO - helper 63272 Downloading qtdeclarative...
2026-06-05 10:56:39,895 - aqt.installer - DEBUG - installer 25640 Download URL: https://download.qt.io/online/qtsdkrepository/windows_x86/desktop/qt6_682/qt6_682/qt.qt6.682.win64_mingw/6.8.2-0-202501260838qtsvg-Windows-Windows_10_22H2-Mingw-Windows-Windows_10_22H2-X86_64.7z
2026-06-05 10:56:39,899 - aqt.installer - DEBUG - installer 63272 Download URL: https://download.qt.io/online/qtsdkrepository/windows_x86/desktop/qt6_682/qt6_682/qt.qt6.682.win64_mingw/6.8.2-0-202501260838qtdeclarative-Windows-Windows_10_22H2-Mingw-Windows-Windows_10_22H2-X86_64.7z
2026-06-05 10:56:39,902 - aqt.helper - INFO - helper 44152 Downloading qtbase...
2026-06-05 10:56:39,903 - aqt.installer - DEBUG - installer 44152 Download URL: https://download.qt.io/online/qtsdkrepository/windows_x86/desktop/qt6_682/qt6_682/qt.qt6.682.win64_mingw/6.8.2-0-202501260838qtbase-Windows-Windows_10_22H2-Mingw-Windows-Windows_10_22H2-X86_64.7z
2026-06-05 10:56:39,904 - aqt.helper - INFO - helper 46104 Downloading qttools...
2026-06-05 10:56:39,904 - aqt.installer - DEBUG - installer 46104 Download URL: https://download.qt.io/online/qtsdkrepository/windows_x86/desktop/qt6_682/qt6_682/qt.qt6.682.win64_mingw/6.8.2-0-202501260838qttools-Windows-Windows_10_22H2-Mingw-Windows-Windows_10_22H2-X86_64.7z
2026-06-05 10:56:40,669 - aqt.helper - DEBUG - helper 44152 Asked to redirect(302) to: https://qt.mirror.constant.com/online/qtsdkrepository/windows_x86/desktop/qt6_682/qt6_682/qt.qt6.682.win64_mingw/6.8.2-0-202501260838qtbase-Windows-Windows_10_22H2-Mingw-Windows-Windows_10_22H2-X86_64.7z
2026-06-05 10:56:40,669 - aqt.helper - INFO - helper 44152 Redirected: qt.mirror.constant.com
2026-06-05 10:56:40,698 - aqt.helper - DEBUG - helper 25640 Asked to redirect(302) to: https://qt.mirror.constant.com/online/qtsdkrepository/windows_x86/desktop/qt6_682/qt6_682/qt.qt6.682.win64_mingw/6.8.2-0-202501260838qtsvg-Windows-Windows_10_22H2-Mingw-Windows-Windows_10_22H2-X86_64.7z
2026-06-05 10:56:40,698 - aqt.helper - INFO - helper 25640 Redirected: qt.mirror.constant.com
2026-06-05 10:56:40,698 - aqt.helper - DEBUG - helper 46104 Asked to redirect(302) to: https://qt.mirror.constant.com/online/qtsdkrepository/windows_x86/desktop/qt6_682/qt6_682/qt.qt6.682.win64_mingw/6.8.2-0-202501260838qttools-Windows-Windows_10_22H2-Mingw-Windows-Windows_10_22H2-X86_64.7z
2026-06-05 10:56:40,698 - aqt.helper - INFO - helper 46104 Redirected: qt.mirror.constant.com
2026-06-05 10:56:40,719 - aqt.helper - DEBUG - helper 63272 Asked to redirect(302) to: https://qt.mirror.constant.com/online/qtsdkrepository/windows_x86/desktop/qt6_682/qt6_682/qt.qt6.682.win64_mingw/6.8.2-0-202501260838qtdeclarative-Windows-Windows_10_22H2-Mingw-Windows-Windows_10_22H2-X86_64.7z
2026-06-05 10:56:40,719 - aqt.helper - INFO - helper 63272 Redirected: qt.mirror.constant.com
2026-06-05 10:56:42,544 - aqt.installer - INFO - installer 25640 Finished installation of qtsvg-Windows-Windows_10_22H2-Mingw-Windows-Windows_10_22H2-X86_64.7z in 3.39801880
2026-06-05 10:56:42,557 - aqt.helper - DEBUG - helper 25640 Attempt to download checksum at https://download.qt.io/online/qtsdkrepository/windows_x86/desktop/qt6_682/qt6_682/qt.qt6.682.win64_mingw/6.8.2-0-202501260838qttranslations-Windows-Windows_10_22H2-Mingw-Windows-Windows_10_22H2-X86_64.7z.sha256
2026-06-05 10:56:44,095 - aqt.helper - INFO - helper 25640 Downloading qttranslations...
2026-06-05 10:56:44,096 - aqt.installer - DEBUG - installer 25640 Download URL: https://download.qt.io/online/qtsdkrepository/windows_x86/desktop/qt6_682/qt6_682/qt.qt6.682.win64_mingw/6.8.2-0-202501260838qttranslations-Windows-Windows_10_22H2-Mingw-Windows-Windows_10_22H2-X86_64.7z
2026-06-05 10:56:45,473 - aqt.helper - DEBUG - helper 25640 Asked to redirect(302) to: https://qt.mirror.constant.com/online/qtsdkrepository/windows_x86/desktop/qt6_682/qt6_682/qt.qt6.682.win64_mingw/6.8.2-0-202501260838qttranslations-Windows-Windows_10_22H2-Mingw-Windows-Windows_10_22H2-X86_64.7z
2026-06-05 10:56:45,474 - aqt.helper - INFO - helper 25640 Redirected: qt.mirror.constant.com
2026-06-05 10:56:48,166 - aqt.installer - INFO - installer 25640 Finished installation of qttranslations-Windows-Windows_10_22H2-Mingw-Windows-Windows_10_22H2-X86_64.7z in 5.61172580
2026-06-05 10:56:48,187 - aqt.helper - DEBUG - helper 25640 Attempt to download checksum at https://download.qt.io/online/qtsdkrepository/windows_x86/desktop/qt6_682/qt6_682/qt.qt6.682.win64_mingw/6.8.2-0-202501260838MinGW-w64-x86_64-13.1.0-release-posix-seh-msvcrt-rt_v11-rev1-runtime.7z.sha256
2026-06-05 10:56:49,115 - aqt.helper - INFO - helper 25640 Downloading MinGW...
2026-06-05 10:56:49,115 - aqt.installer - DEBUG - installer 25640 Download URL: https://download.qt.io/online/qtsdkrepository/windows_x86/desktop/qt6_682/qt6_682/qt.qt6.682.win64_mingw/6.8.2-0-202501260838MinGW-w64-x86_64-13.1.0-release-posix-seh-msvcrt-rt_v11-rev1-runtime.7z
2026-06-05 10:56:50,363 - aqt.helper - DEBUG - helper 25640 Asked to redirect(302) to: https://qt.mirror.constant.com/online/qtsdkrepository/windows_x86/desktop/qt6_682/qt6_682/qt.qt6.682.win64_mingw/6.8.2-0-202501260838MinGW-w64-x86_64-13.1.0-release-posix-seh-msvcrt-rt_v11-rev1-runtime.7z
2026-06-05 10:56:50,364 - aqt.helper - INFO - helper 25640 Redirected: qt.mirror.constant.com
2026-06-05 10:56:52,189 - aqt.installer - INFO - installer 44152 Finished installation of qtbase-Windows-Windows_10_22H2-Mingw-Windows-Windows_10_22H2-X86_64.7z in 13.05138310
2026-06-05 10:56:52,211 - aqt.helper - DEBUG - helper 44152 Attempt to download checksum at https://download.qt.io/online/qtsdkrepository/windows_x86/desktop/qt6_682/qt6_682/qt.qt6.682.win64_mingw/6.8.2-0-202501260838d3dcompiler_47-x64.7z.sha256
2026-06-05 10:56:52,867 - aqt.helper - INFO - helper 44152 Downloading d3dcompiler_47...
2026-06-05 10:56:52,868 - aqt.installer - DEBUG - installer 44152 Download URL: https://download.qt.io/online/qtsdkrepository/windows_x86/desktop/qt6_682/qt6_682/qt.qt6.682.win64_mingw/6.8.2-0-202501260838d3dcompiler_47-x64.7z
2026-06-05 10:56:53,545 - aqt.helper - DEBUG - helper 44152 Asked to redirect(302) to: https://qt.mirror.constant.com/online/qtsdkrepository/windows_x86/desktop/qt6_682/qt6_682/qt.qt6.682.win64_mingw/6.8.2-0-202501260838d3dcompiler_47-x64.7z
2026-06-05 10:56:53,546 - aqt.helper - INFO - helper 44152 Redirected: qt.mirror.constant.com
2026-06-05 10:56:53,694 - aqt.installer - INFO - installer 25640 Finished installation of MinGW-w64-x86_64-13.1.0-release-posix-seh-msvcrt-rt_v11-rev1-runtime.7z in 5.51000990
2026-06-05 10:56:53,712 - aqt.helper - DEBUG - helper 25640 Attempt to download checksum at https://download.qt.io/online/qtsdkrepository/windows_x86/desktop/qt6_682/qt6_682/qt.qt6.682.win64_mingw/6.8.2-0-202501260838opengl32sw-64-mesa_11_2_2-signed_sha256.7z.sha256
2026-06-05 10:56:54,422 - aqt.helper - INFO - helper 25640 Downloading opengl32sw...
2026-06-05 10:56:54,422 - aqt.installer - DEBUG - installer 25640 Download URL: https://download.qt.io/online/qtsdkrepository/windows_x86/desktop/qt6_682/qt6_682/qt.qt6.682.win64_mingw/6.8.2-0-202501260838opengl32sw-64-mesa_11_2_2-signed_sha256.7z
2026-06-05 10:56:55,178 - aqt.helper - DEBUG - helper 25640 Asked to redirect(302) to: https://qt.mirror.constant.com/online/qtsdkrepository/windows_x86/desktop/qt6_682/qt6_682/qt.qt6.682.win64_mingw/6.8.2-0-202501260838opengl32sw-64-mesa_11_2_2-signed_sha256.7z
2026-06-05 10:56:55,179 - aqt.helper - INFO - helper 25640 Redirected: qt.mirror.constant.com
2026-06-05 10:56:56,073 - aqt.installer - INFO - installer 46104 Finished installation of qttools-Windows-Windows_10_22H2-Mingw-Windows-Windows_10_22H2-X86_64.7z in 16.92489080
2026-06-05 10:56:56,090 - aqt.installer - INFO - installer 44152 Finished installation of d3dcompiler_47-x64.7z in 3.88174630
2026-06-05 10:57:00,742 - aqt.installer - INFO - installer 25640 Finished installation of opengl32sw-64-mesa_11_2_2-signed_sha256.7z in 7.03199070
2026-06-05 10:57:40,203 - aqt.installer - INFO - installer 63272 Finished installation of qtdeclarative-Windows-Windows_10_22H2-Mingw-Windows-Windows_10_22H2-X86_64.7z in 61.05616820
2026-06-05 10:57:41,254 - aqt.updater - INFO - updater 48396 Patching C:\Qt\6.8.2\mingw_64\bin\qmake.exe
2026-06-05 10:57:41,263 - aqt.updater - INFO - updater 48396 Patching C:\Qt\6.8.2\mingw_64\lib\pkgconfig\Qt6Concurrent.pc
2026-06-05 10:57:41,280 - aqt.updater - INFO - updater 48396 Patching C:\Qt\6.8.2\mingw_64\lib\pkgconfig\Qt6Core.pc
2026-06-05 10:57:41,293 - aqt.updater - INFO - updater 48396 Patching C:\Qt\6.8.2\mingw_64\lib\pkgconfig\Qt6DBus.pc
2026-06-05 10:57:41,307 - aqt.updater - INFO - updater 48396 Patching C:\Qt\6.8.2\mingw_64\lib\pkgconfig\Qt6Designer.pc
2026-06-05 10:57:41,325 - aqt.updater - INFO - updater 48396 Patching C:\Qt\6.8.2\mingw_64\lib\pkgconfig\Qt6Gui.pc
2026-06-05 10:57:41,337 - aqt.updater - INFO - updater 48396 Patching C:\Qt\6.8.2\mingw_64\lib\pkgconfig\Qt6Help.pc
2026-06-05 10:57:41,351 - aqt.updater - INFO - updater 48396 Patching C:\Qt\6.8.2\mingw_64\lib\pkgconfig\Qt6LabsAnimation.pc
2026-06-05 10:57:41,365 - aqt.updater - INFO - updater 48396 Patching C:\Qt\6.8.2\mingw_64\lib\pkgconfig\Qt6LabsFolderListModel.pc
2026-06-05 10:57:41,381 - aqt.updater - INFO - updater 48396 Patching C:\Qt\6.8.2\mingw_64\lib\pkgconfig\Qt6LabsPlatform.pc
2026-06-05 10:57:41,399 - aqt.updater - INFO - updater 48396 Patching C:\Qt\6.8.2\mingw_64\lib\pkgconfig\Qt6LabsQmlModels.pc
2026-06-05 10:57:41,420 - aqt.updater - INFO - updater 48396 Patching C:\Qt\6.8.2\mingw_64\lib\pkgconfig\Qt6LabsSettings.pc
2026-06-05 10:57:41,450 - aqt.updater - INFO - updater 48396 Patching C:\Qt\6.8.2\mingw_64\lib\pkgconfig\Qt6LabsSharedImage.pc
2026-06-05 10:57:41,483 - aqt.updater - INFO - updater 48396 Patching C:\Qt\6.8.2\mingw_64\lib\pkgconfig\Qt6LabsWavefrontMesh.pc
2026-06-05 10:57:41,503 - aqt.updater - INFO - updater 48396 Patching C:\Qt\6.8.2\mingw_64\lib\pkgconfig\Qt6Linguist.pc
2026-06-05 10:57:41,530 - aqt.updater - INFO - updater 48396 Patching C:\Qt\6.8.2\mingw_64\lib\pkgconfig\Qt6Network.pc
2026-06-05 10:57:41,555 - aqt.updater - INFO - updater 48396 Patching C:\Qt\6.8.2\mingw_64\lib\pkgconfig\Qt6OpenGL.pc
2026-06-05 10:57:41,575 - aqt.updater - INFO - updater 48396 Patching C:\Qt\6.8.2\mingw_64\lib\pkgconfig\Qt6OpenGLWidgets.pc
2026-06-05 10:57:41,593 - aqt.updater - INFO - updater 48396 Patching C:\Qt\6.8.2\mingw_64\lib\pkgconfig\Qt6Platform.pc
2026-06-05 10:57:41,632 - aqt.updater - INFO - updater 48396 Patching C:\Qt\6.8.2\mingw_64\lib\pkgconfig\Qt6PrintSupport.pc
2026-06-05 10:57:41,648 - aqt.updater - INFO - updater 48396 Patching C:\Qt\6.8.2\mingw_64\lib\pkgconfig\Qt6Qml.pc
2026-06-05 10:57:41,698 - aqt.updater - INFO - updater 48396 Patching C:\Qt\6.8.2\mingw_64\lib\pkgconfig\Qt6QmlAssetDownloader.pc
2026-06-05 10:57:41,716 - aqt.updater - INFO - updater 48396 Patching C:\Qt\6.8.2\mingw_64\lib\pkgconfig\Qt6QmlCompiler.pc
2026-06-05 10:57:41,734 - aqt.updater - INFO - updater 48396 Patching C:\Qt\6.8.2\mingw_64\lib\pkgconfig\Qt6QmlCore.pc
2026-06-05 10:57:41,752 - aqt.updater - INFO - updater 48396 Patching C:\Qt\6.8.2\mingw_64\lib\pkgconfig\Qt6QmlIntegration.pc
2026-06-05 10:57:41,767 - aqt.updater - INFO - updater 48396 Patching C:\Qt\6.8.2\mingw_64\lib\pkgconfig\Qt6QmlLocalStorage.pc
2026-06-05 10:57:41,784 - aqt.updater - INFO - updater 48396 Patching C:\Qt\6.8.2\mingw_64\lib\pkgconfig\Qt6QmlMeta.pc
2026-06-05 10:57:41,805 - aqt.updater - INFO - updater 48396 Patching C:\Qt\6.8.2\mingw_64\lib\pkgconfig\Qt6QmlModels.pc
2026-06-05 10:57:41,820 - aqt.updater - INFO - updater 48396 Patching C:\Qt\6.8.2\mingw_64\lib\pkgconfig\Qt6QmlNetwork.pc
2026-06-05 10:57:41,835 - aqt.updater - INFO - updater 48396 Patching C:\Qt\6.8.2\mingw_64\lib\pkgconfig\Qt6QmlWorkerScript.pc
2026-06-05 10:57:41,850 - aqt.updater - INFO - updater 48396 Patching C:\Qt\6.8.2\mingw_64\lib\pkgconfig\Qt6QmlXmlListModel.pc
2026-06-05 10:57:41,863 - aqt.updater - INFO - updater 48396 Patching C:\Qt\6.8.2\mingw_64\lib\pkgconfig\Qt6Quick.pc
2026-06-05 10:57:41,879 - aqt.updater - INFO - updater 48396 Patching C:\Qt\6.8.2\mingw_64\lib\pkgconfig\Qt6QuickControls2.pc
2026-06-05 10:57:41,896 - aqt.updater - INFO - updater 48396 Patching C:\Qt\6.8.2\mingw_64\lib\pkgconfig\Qt6QuickControls2Basic.pc
2026-06-05 10:57:41,913 - aqt.updater - INFO - updater 48396 Patching C:\Qt\6.8.2\mingw_64\lib\pkgconfig\Qt6QuickControls2BasicStyleImpl.pc
2026-06-05 10:57:41,932 - aqt.updater - INFO - updater 48396 Patching C:\Qt\6.8.2\mingw_64\lib\pkgconfig\Qt6QuickControls2FluentWinUI3StyleImpl.pc
2026-06-05 10:57:41,953 - aqt.updater - INFO - updater 48396 Patching C:\Qt\6.8.2\mingw_64\lib\pkgconfig\Qt6QuickControls2Fusion.pc
2026-06-05 10:57:41,974 - aqt.updater - INFO - updater 48396 Patching C:\Qt\6.8.2\mingw_64\lib\pkgconfig\Qt6QuickControls2FusionStyleImpl.pc
2026-06-05 10:57:41,991 - aqt.updater - INFO - updater 48396 Patching C:\Qt\6.8.2\mingw_64\lib\pkgconfig\Qt6QuickControls2Imagine.pc
2026-06-05 10:57:42,031 - aqt.updater - INFO - updater 48396 Patching C:\Qt\6.8.2\mingw_64\lib\pkgconfig\Qt6QuickControls2ImagineStyleImpl.pc
2026-06-05 10:57:42,046 - aqt.updater - INFO - updater 48396 Patching C:\Qt\6.8.2\mingw_64\lib\pkgconfig\Qt6QuickControls2Impl.pc
2026-06-05 10:57:42,075 - aqt.updater - INFO - updater 48396 Patching C:\Qt\6.8.2\mingw_64\lib\pkgconfig\Qt6QuickControls2Material.pc
2026-06-05 10:57:42,100 - aqt.updater - INFO - updater 48396 Patching C:\Qt\6.8.2\mingw_64\lib\pkgconfig\Qt6QuickControls2MaterialStyleImpl.pc
2026-06-05 10:57:42,122 - aqt.updater - INFO - updater 48396 Patching C:\Qt\6.8.2\mingw_64\lib\pkgconfig\Qt6QuickControls2Universal.pc
2026-06-05 10:57:42,154 - aqt.updater - INFO - updater 48396 Patching C:\Qt\6.8.2\mingw_64\lib\pkgconfig\Qt6QuickControls2UniversalStyleImpl.pc
2026-06-05 10:57:42,171 - aqt.updater - INFO - updater 48396 Patching C:\Qt\6.8.2\mingw_64\lib\pkgconfig\Qt6QuickControls2WindowsStyleImpl.pc
2026-06-05 10:57:42,186 - aqt.updater - INFO - updater 48396 Patching C:\Qt\6.8.2\mingw_64\lib\pkgconfig\Qt6QuickDialogs2.pc
2026-06-05 10:57:42,200 - aqt.updater - INFO - updater 48396 Patching C:\Qt\6.8.2\mingw_64\lib\pkgconfig\Qt6QuickDialogs2QuickImpl.pc
2026-06-05 10:57:42,215 - aqt.updater - INFO - updater 48396 Patching C:\Qt\6.8.2\mingw_64\lib\pkgconfig\Qt6QuickDialogs2Utils.pc
2026-06-05 10:57:42,232 - aqt.updater - INFO - updater 48396 Patching C:\Qt\6.8.2\mingw_64\lib\pkgconfig\Qt6QuickLayouts.pc
2026-06-05 10:57:42,245 - aqt.updater - INFO - updater 48396 Patching C:\Qt\6.8.2\mingw_64\lib\pkgconfig\Qt6QuickTemplates2.pc
2026-06-05 10:57:42,265 - aqt.updater - INFO - updater 48396 Patching C:\Qt\6.8.2\mingw_64\lib\pkgconfig\Qt6QuickTest.pc
2026-06-05 10:57:42,280 - aqt.updater - INFO - updater 48396 Patching C:\Qt\6.8.2\mingw_64\lib\pkgconfig\Qt6QuickVectorImage.pc
2026-06-05 10:57:42,293 - aqt.updater - INFO - updater 48396 Patching C:\Qt\6.8.2\mingw_64\lib\pkgconfig\Qt6QuickWidgets.pc
2026-06-05 10:57:42,308 - aqt.updater - INFO - updater 48396 Patching C:\Qt\6.8.2\mingw_64\lib\pkgconfig\Qt6Sql.pc
2026-06-05 10:57:42,319 - aqt.updater - INFO - updater 48396 Patching C:\Qt\6.8.2\mingw_64\lib\pkgconfig\Qt6Svg.pc
2026-06-05 10:57:42,332 - aqt.updater - INFO - updater 48396 Patching C:\Qt\6.8.2\mingw_64\lib\pkgconfig\Qt6SvgWidgets.pc
2026-06-05 10:57:42,347 - aqt.updater - INFO - updater 48396 Patching C:\Qt\6.8.2\mingw_64\lib\pkgconfig\Qt6Test.pc
2026-06-05 10:57:42,359 - aqt.updater - INFO - updater 48396 Patching C:\Qt\6.8.2\mingw_64\lib\pkgconfig\Qt6UiPlugin.pc
2026-06-05 10:57:42,379 - aqt.updater - INFO - updater 48396 Patching C:\Qt\6.8.2\mingw_64\lib\pkgconfig\Qt6UiTools.pc
2026-06-05 10:57:42,392 - aqt.updater - INFO - updater 48396 Patching C:\Qt\6.8.2\mingw_64\lib\pkgconfig\Qt6Widgets.pc
2026-06-05 10:57:42,404 - aqt.updater - INFO - updater 48396 Patching C:\Qt\6.8.2\mingw_64\lib\pkgconfig\Qt6Xml.pc
2026-06-05 10:57:42,432 - aqt.updater - INFO - updater 48396 Patching C:\Qt\6.8.2\mingw_64\lib\Qt6Concurrent.prl
2026-06-05 10:57:42,450 - aqt.updater - INFO - updater 48396 Patching C:\Qt\6.8.2\mingw_64\lib\Qt6Core.prl
2026-06-05 10:57:42,467 - aqt.updater - INFO - updater 48396 Patching C:\Qt\6.8.2\mingw_64\lib\Qt6DBus.prl
2026-06-05 10:57:42,480 - aqt.updater - INFO - updater 48396 Patching C:\Qt\6.8.2\mingw_64\lib\Qt6Designer.prl
2026-06-05 10:57:42,498 - aqt.updater - INFO - updater 48396 Patching C:\Qt\6.8.2\mingw_64\lib\Qt6DesignerComponents.prl
2026-06-05 10:57:42,513 - aqt.updater - INFO - updater 48396 Patching C:\Qt\6.8.2\mingw_64\lib\Qt6DeviceDiscoverySupport.prl
2026-06-05 10:57:42,550 - aqt.updater - INFO - updater 48396 Patching C:\Qt\6.8.2\mingw_64\lib\Qt6EntryPoint.prl
2026-06-05 10:57:42,577 - aqt.updater - INFO - updater 48396 Patching C:\Qt\6.8.2\mingw_64\lib\Qt6ExampleIcons.prl
2026-06-05 10:57:42,593 - aqt.updater - INFO - updater 48396 Patching C:\Qt\6.8.2\mingw_64\lib\Qt6ExamplesAssetDownloader.prl
2026-06-05 10:57:42,606 - aqt.updater - INFO - updater 48396 Patching C:\Qt\6.8.2\mingw_64\lib\Qt6FbSupport.prl
2026-06-05 10:57:42,619 - aqt.updater - INFO - updater 48396 Patching C:\Qt\6.8.2\mingw_64\lib\Qt6Gui.prl
2026-06-05 10:57:42,633 - aqt.updater - INFO - updater 48396 Patching C:\Qt\6.8.2\mingw_64\lib\Qt6Help.prl
2026-06-05 10:57:42,646 - aqt.updater - INFO - updater 48396 Patching C:\Qt\6.8.2\mingw_64\lib\Qt6LabsAnimation.prl
2026-06-05 10:57:42,660 - aqt.updater - INFO - updater 48396 Patching C:\Qt\6.8.2\mingw_64\lib\Qt6LabsFolderListModel.prl
2026-06-05 10:57:42,672 - aqt.updater - INFO - updater 48396 Patching C:\Qt\6.8.2\mingw_64\lib\Qt6LabsPlatform.prl
2026-06-05 10:57:42,685 - aqt.updater - INFO - updater 48396 Patching C:\Qt\6.8.2\mingw_64\lib\Qt6LabsQmlModels.prl
2026-06-05 10:57:42,696 - aqt.updater - INFO - updater 48396 Patching C:\Qt\6.8.2\mingw_64\lib\Qt6LabsSettings.prl
2026-06-05 10:57:42,709 - aqt.updater - INFO - updater 48396 Patching C:\Qt\6.8.2\mingw_64\lib\Qt6LabsSharedImage.prl
2026-06-05 10:57:42,719 - aqt.updater - INFO - updater 48396 Patching C:\Qt\6.8.2\mingw_64\lib\Qt6LabsWavefrontMesh.prl
2026-06-05 10:57:42,731 - aqt.updater - INFO - updater 48396 Patching C:\Qt\6.8.2\mingw_64\lib\Qt6Network.prl
2026-06-05 10:57:42,741 - aqt.updater - INFO - updater 48396 Patching C:\Qt\6.8.2\mingw_64\lib\Qt6OpenGL.prl
2026-06-05 10:57:42,754 - aqt.updater - INFO - updater 48396 Patching C:\Qt\6.8.2\mingw_64\lib\Qt6OpenGLWidgets.prl
2026-06-05 10:57:42,765 - aqt.updater - INFO - updater 48396 Patching C:\Qt\6.8.2\mingw_64\lib\Qt6PacketProtocol.prl
2026-06-05 10:57:42,779 - aqt.updater - INFO - updater 48396 Patching C:\Qt\6.8.2\mingw_64\lib\Qt6PrintSupport.prl
2026-06-05 10:57:42,787 - aqt.updater - INFO - updater 48396 Patching C:\Qt\6.8.2\mingw_64\lib\Qt6Qml.prl
2026-06-05 10:57:42,797 - aqt.updater - INFO - updater 48396 Patching C:\Qt\6.8.2\mingw_64\lib\Qt6QmlAssetDownloader.prl
2026-06-05 10:57:42,809 - aqt.updater - INFO - updater 48396 Patching C:\Qt\6.8.2\mingw_64\lib\Qt6QmlCompiler.prl
2026-06-05 10:57:42,818 - aqt.updater - INFO - updater 48396 Patching C:\Qt\6.8.2\mingw_64\lib\Qt6QmlCore.prl
2026-06-05 10:57:42,828 - aqt.updater - INFO - updater 48396 Patching C:\Qt\6.8.2\mingw_64\lib\Qt6QmlDebug.prl
2026-06-05 10:57:42,836 - aqt.updater - INFO - updater 48396 Patching C:\Qt\6.8.2\mingw_64\lib\Qt6QmlDom.prl
2026-06-05 10:57:42,848 - aqt.updater - INFO - updater 48396 Patching C:\Qt\6.8.2\mingw_64\lib\Qt6QmlLocalStorage.prl
2026-06-05 10:57:42,859 - aqt.updater - INFO - updater 48396 Patching C:\Qt\6.8.2\mingw_64\lib\Qt6QmlLS.prl
2026-06-05 10:57:42,868 - aqt.updater - INFO - updater 48396 Patching C:\Qt\6.8.2\mingw_64\lib\Qt6QmlMeta.prl
2026-06-05 10:57:42,879 - aqt.updater - INFO - updater 48396 Patching C:\Qt\6.8.2\mingw_64\lib\Qt6QmlModels.prl
2026-06-05 10:57:42,891 - aqt.updater - INFO - updater 48396 Patching C:\Qt\6.8.2\mingw_64\lib\Qt6QmlNetwork.prl
2026-06-05 10:57:42,900 - aqt.updater - INFO - updater 48396 Patching C:\Qt\6.8.2\mingw_64\lib\Qt6QmlToolingSettings.prl
2026-06-05 10:57:42,909 - aqt.updater - INFO - updater 48396 Patching C:\Qt\6.8.2\mingw_64\lib\Qt6QmlTypeRegistrar.prl
2026-06-05 10:57:42,919 - aqt.updater - INFO - updater 48396 Patching C:\Qt\6.8.2\mingw_64\lib\Qt6QmlWorkerScript.prl
2026-06-05 10:57:42,931 - aqt.updater - INFO - updater 48396 Patching C:\Qt\6.8.2\mingw_64\lib\Qt6QmlXmlListModel.prl
2026-06-05 10:57:42,941 - aqt.updater - INFO - updater 48396 Patching C:\Qt\6.8.2\mingw_64\lib\Qt6Quick.prl
2026-06-05 10:57:42,950 - aqt.updater - INFO - updater 48396 Patching C:\Qt\6.8.2\mingw_64\lib\Qt6QuickControls2.prl
2026-06-05 10:57:42,962 - aqt.updater - INFO - updater 48396 Patching C:\Qt\6.8.2\mingw_64\lib\Qt6QuickControls2Basic.prl
2026-06-05 10:57:42,971 - aqt.updater - INFO - updater 48396 Patching C:\Qt\6.8.2\mingw_64\lib\Qt6QuickControls2BasicStyleImpl.prl
2026-06-05 10:57:42,981 - aqt.updater - INFO - updater 48396 Patching C:\Qt\6.8.2\mingw_64\lib\Qt6QuickControls2FluentWinUI3StyleImpl.prl
2026-06-05 10:57:42,992 - aqt.updater - INFO - updater 48396 Patching C:\Qt\6.8.2\mingw_64\lib\Qt6QuickControls2Fusion.prl
2026-06-05 10:57:43,001 - aqt.updater - INFO - updater 48396 Patching C:\Qt\6.8.2\mingw_64\lib\Qt6QuickControls2FusionStyleImpl.prl
2026-06-05 10:57:43,014 - aqt.updater - INFO - updater 48396 Patching C:\Qt\6.8.2\mingw_64\lib\Qt6QuickControls2Imagine.prl
2026-06-05 10:57:43,027 - aqt.updater - INFO - updater 48396 Patching C:\Qt\6.8.2\mingw_64\lib\Qt6QuickControls2ImagineStyleImpl.prl
2026-06-05 10:57:43,040 - aqt.updater - INFO - updater 48396 Patching C:\Qt\6.8.2\mingw_64\lib\Qt6QuickControls2Impl.prl
2026-06-05 10:57:43,052 - aqt.updater - INFO - updater 48396 Patching C:\Qt\6.8.2\mingw_64\lib\Qt6QuickControls2Material.prl
2026-06-05 10:57:43,077 - aqt.updater - INFO - updater 48396 Patching C:\Qt\6.8.2\mingw_64\lib\Qt6QuickControls2MaterialStyleImpl.prl
2026-06-05 10:57:43,089 - aqt.updater - INFO - updater 48396 Patching C:\Qt\6.8.2\mingw_64\lib\Qt6QuickControls2Universal.prl
2026-06-05 10:57:43,102 - aqt.updater - INFO - updater 48396 Patching C:\Qt\6.8.2\mingw_64\lib\Qt6QuickControls2UniversalStyleImpl.prl
2026-06-05 10:57:43,114 - aqt.updater - INFO - updater 48396 Patching C:\Qt\6.8.2\mingw_64\lib\Qt6QuickControls2WindowsStyleImpl.prl
2026-06-05 10:57:43,135 - aqt.updater - INFO - updater 48396 Patching C:\Qt\6.8.2\mingw_64\lib\Qt6QuickControlsTestUtils.prl
2026-06-05 10:57:43,154 - aqt.updater - INFO - updater 48396 Patching C:\Qt\6.8.2\mingw_64\lib\Qt6QuickDialogs2.prl
2026-06-05 10:57:43,171 - aqt.updater - INFO - updater 48396 Patching C:\Qt\6.8.2\mingw_64\lib\Qt6QuickDialogs2QuickImpl.prl
2026-06-05 10:57:43,195 - aqt.updater - INFO - updater 48396 Patching C:\Qt\6.8.2\mingw_64\lib\Qt6QuickDialogs2Utils.prl
2026-06-05 10:57:43,216 - aqt.updater - INFO - updater 48396 Patching C:\Qt\6.8.2\mingw_64\lib\Qt6QuickEffects.prl
2026-06-05 10:57:43,236 - aqt.updater - INFO - updater 48396 Patching C:\Qt\6.8.2\mingw_64\lib\Qt6QuickLayouts.prl
2026-06-05 10:57:43,258 - aqt.updater - INFO - updater 48396 Patching C:\Qt\6.8.2\mingw_64\lib\Qt6QuickParticles.prl
2026-06-05 10:57:43,272 - aqt.updater - INFO - updater 48396 Patching C:\Qt\6.8.2\mingw_64\lib\Qt6QuickShapes.prl
2026-06-05 10:57:43,284 - aqt.updater - INFO - updater 48396 Patching C:\Qt\6.8.2\mingw_64\lib\Qt6QuickTemplates2.prl
2026-06-05 10:57:43,304 - aqt.updater - INFO - updater 48396 Patching C:\Qt\6.8.2\mingw_64\lib\Qt6QuickTest.prl
2026-06-05 10:57:43,330 - aqt.updater - INFO - updater 48396 Patching C:\Qt\6.8.2\mingw_64\lib\Qt6QuickTestUtils.prl
2026-06-05 10:57:43,345 - aqt.updater - INFO - updater 48396 Patching C:\Qt\6.8.2\mingw_64\lib\Qt6QuickVectorImage.prl
2026-06-05 10:57:43,365 - aqt.updater - INFO - updater 48396 Patching C:\Qt\6.8.2\mingw_64\lib\Qt6QuickVectorImageGenerator.prl
2026-06-05 10:57:43,384 - aqt.updater - INFO - updater 48396 Patching C:\Qt\6.8.2\mingw_64\lib\Qt6QuickWidgets.prl
2026-06-05 10:57:43,425 - aqt.updater - INFO - updater 48396 Patching C:\Qt\6.8.2\mingw_64\lib\Qt6Sql.prl
2026-06-05 10:57:43,439 - aqt.updater - INFO - updater 48396 Patching C:\Qt\6.8.2\mingw_64\lib\Qt6Svg.prl
2026-06-05 10:57:43,452 - aqt.updater - INFO - updater 48396 Patching C:\Qt\6.8.2\mingw_64\lib\Qt6SvgWidgets.prl
2026-06-05 10:57:43,466 - aqt.updater - INFO - updater 48396 Patching C:\Qt\6.8.2\mingw_64\lib\Qt6Test.prl
2026-06-05 10:57:43,481 - aqt.updater - INFO - updater 48396 Patching C:\Qt\6.8.2\mingw_64\lib\Qt6UiTools.prl
2026-06-05 10:57:43,493 - aqt.updater - INFO - updater 48396 Patching C:\Qt\6.8.2\mingw_64\lib\Qt6Widgets.prl
2026-06-05 10:57:43,504 - aqt.updater - INFO - updater 48396 Patching C:\Qt\6.8.2\mingw_64\lib\Qt6Xml.prl
2026-06-05 10:57:43,519 - aqt.main - INFO - installer 48396 Finished installation
2026-06-05 10:57:43,519 - aqt.main - INFO - installer 48396 Time elapsed: 70.67600600 second
2026-06-05 11:04:47,653 - aqt.main - INFO - installer 45136 aqtinstall(aqt) v3.3.0 on Python 3.11.9 [CPython MSC v.1938 64 bit (AMD64)]
2026-06-05 11:04:47,653 - aqt.helper - DEBUG - helper 45136 Attempt to download checksum at https://download.qt.io/online/qtsdkrepository/windows_x86/desktop/tools_mingw1310/Updates.xml.sha256
2026-06-05 11:04:49,004 - aqt.helper - DEBUG - helper 45136 Attempt to download checksum at https://download.qt.io/online/qtsdkrepository/windows_x86/desktop/tools_mingw1310/Updates.xml.sha256
2026-06-05 11:04:51,268 - aqt.helper - DEBUG - helper 46444 Attempt to download checksum at https://download.qt.io/online/qtsdkrepository/windows_x86/desktop/tools_mingw1310/qt.tools.win64_mingw1310/13.1.0-202407240918mingw1310.7z.sha256
2026-06-05 11:04:51,983 - aqt.helper - INFO - helper 46444 Downloading qt.tools.win64_mingw1310...
2026-06-05 11:04:51,983 - aqt.installer - DEBUG - installer 46444 Download URL: https://download.qt.io/online/qtsdkrepository/windows_x86/desktop/tools_mingw1310/qt.tools.win64_mingw1310/13.1.0-202407240918mingw1310.7z
2026-06-05 11:04:52,632 - aqt.helper - DEBUG - helper 46444 Asked to redirect(302) to: https://qt.mirror.constant.com/online/qtsdkrepository/windows_x86/desktop/tools_mingw1310/qt.tools.win64_mingw1310/13.1.0-202407240918mingw1310.7z
2026-06-05 11:04:52,632 - aqt.helper - INFO - helper 46444 Redirected: qt.mirror.constant.com
2026-06-05 11:05:28,065 - aqt.installer - INFO - installer 46444 Finished installation of mingw1310.7z in 36.80091740
2026-06-05 11:05:28,204 - aqt.main - INFO - installer 45136 Finished installation
2026-06-05 11:05:28,204 - aqt.main - INFO - installer 45136 Time elapsed: 40.55327200 second
2026-06-05 11:11:27,655 - aqt.main - INFO - installer 51668 aqtinstall(aqt) v3.3.0 on Python 3.11.9 [CPython MSC v.1938 64 bit (AMD64)]
2026-06-05 11:11:27,655 - aqt.helper - DEBUG - helper 51668 Attempt to download checksum at https://download.qt.io/online/qtsdkrepository/windows_x86/desktop/tools_openssl_src/Updates.xml.sha256
2026-06-05 11:11:28,392 - aqt.helper - DEBUG - helper 51668 Attempt to download checksum at https://download.qt.io/online/qtsdkrepository/windows_x86/desktop/tools_openssl_src/Updates.xml.sha256
2026-06-05 11:11:29,043 - aqt.helper - DEBUG - helper 51668 Attempt to download checksum at https://download.qt.io/online/qtsdkrepository/windows_x86/desktop/tools_openssl_src/Updates.xml.sha256
2026-06-05 11:11:29,673 - aqt.helper - DEBUG - helper 51668 Attempt to download checksum at https://download.qt.io/online/qtsdkrepository/windows_x86/desktop/tools_openssl_src/Updates.xml.sha256
2026-06-05 11:11:30,304 - aqt.helper - DEBUG - helper 51668 Attempt to download checksum at https://download.qt.io/online/qtsdkrepository/windows_x86/desktop/tools_openssl_src/Updates.xml.sha256
2026-06-05 11:11:30,946 - aqt.main - ERROR - installer 51668 Failed to locate XML data for the tool 'tools_openssl_src'.
==============================Suggested follow-up:==============================
* Please use 'aqt list-tool windows desktop' to check what tools are available.
2026-06-05 11:11:38,118 - aqt.main - INFO - installer 71148 aqtinstall(aqt) v3.3.0 on Python 3.11.9 [CPython MSC v.1938 64 bit (AMD64)]
2026-06-05 11:11:38,119 - aqt.helper - DEBUG - helper 71148 Attempt to download checksum at https://download.qt.io/online/qtsdkrepository/windows_x86/desktop/tools_opensslv3_x64/Updates.xml.sha256
2026-06-05 11:11:39,564 - aqt.helper - DEBUG - helper 71148 Attempt to download checksum at https://download.qt.io/online/qtsdkrepository/windows_x86/desktop/tools_opensslv3_x64/Updates.xml.sha256
2026-06-05 11:11:41,567 - aqt.helper - DEBUG - helper 24404 Attempt to download checksum at https://download.qt.io/online/qtsdkrepository/windows_x86/desktop/tools_opensslv3_x64/qt.tools.opensslv3.win_x64/3.0.16-1openssl_3.0.16_prebuild_x64.7z.sha256
2026-06-05 11:11:42,221 - aqt.helper - INFO - helper 24404 Downloading qt.tools.opensslv3.win_x64...
2026-06-05 11:11:42,222 - aqt.installer - DEBUG - installer 24404 Download URL: https://download.qt.io/online/qtsdkrepository/windows_x86/desktop/tools_opensslv3_x64/qt.tools.opensslv3.win_x64/3.0.16-1openssl_3.0.16_prebuild_x64.7z
2026-06-05 11:11:42,860 - aqt.helper - DEBUG - helper 24404 Asked to redirect(302) to: https://qt.mirror.constant.com/online/qtsdkrepository/windows_x86/desktop/tools_opensslv3_x64/qt.tools.opensslv3.win_x64/3.0.16-1openssl_3.0.16_prebuild_x64.7z
2026-06-05 11:11:42,860 - aqt.helper - INFO - helper 24404 Redirected: qt.mirror.constant.com
2026-06-05 11:11:46,159 - aqt.installer - INFO - installer 24404 Finished installation of openssl_3.0.16_prebuild_x64.7z in 4.59419160
2026-06-05 11:11:46,256 - aqt.main - INFO - installer 71148 Finished installation
2026-06-05 11:11:46,257 - aqt.main - INFO - installer 71148 Time elapsed: 8.13763020 second
